7/16/2016 3:24:22 PM	This log contains information about the import schema operation into project 'TS.BAPLN.DatabaseStructure' on computer 'COS-L-412CPJB' by user 'GT19813'.
7/16/2016 3:24:22 PM	Import of database schema has started.
7/16/2016 3:24:27 PM	Gathering database options
7/16/2016 3:24:27 PM	Gathering users
7/16/2016 3:24:27 PM	Gathering roles
7/16/2016 3:24:27 PM	Gathering application roles
7/16/2016 3:24:27 PM	Gathering role memberships
7/16/2016 3:24:27 PM	Gathering filegroups
7/16/2016 3:24:27 PM	Gathering full-text catalogs
7/16/2016 3:24:27 PM	Gathering assemblies
7/16/2016 3:24:27 PM	Gathering certificates
7/16/2016 3:24:27 PM	Gathering asymmetric keys
7/16/2016 3:24:27 PM	Gathering symmetric keys
7/16/2016 3:24:27 PM	Gathering encrypted symmetric keys
7/16/2016 3:24:27 PM	Gathering schemas
7/16/2016 3:24:27 PM	Gathering XML schema collections
7/16/2016 3:24:27 PM	Gathering user-defined data types
7/16/2016 3:24:27 PM	Gathering user-defined types
7/16/2016 3:24:27 PM	Gathering table types
7/16/2016 3:24:27 PM	Gathering unique keys for table types
7/16/2016 3:24:27 PM	Gathering primary keys for table types
7/16/2016 3:24:27 PM	Gathering check constraints for table types
7/16/2016 3:24:27 PM	Gathering default constraints for table types
7/16/2016 3:24:27 PM	Gathering partition functions
7/16/2016 3:24:27 PM	Gathering partition schemes
7/16/2016 3:24:27 PM	Gathering functions
7/16/2016 3:24:27 PM	Gathering encrypted functions
7/16/2016 3:24:31 PM	Gathering aggregates
7/16/2016 3:24:31 PM	Gathering procedures
7/16/2016 3:24:31 PM	Gathering encrypted procedures
7/16/2016 3:24:31 PM	Gathering tables
7/16/2016 3:24:31 PM	Gathering primary keys
7/16/2016 3:24:31 PM	Gathering unique constraints
7/16/2016 3:24:31 PM	Gathering foreign keys
7/16/2016 3:24:31 PM	Gathering default constraints
7/16/2016 3:24:31 PM	Gathering check constraints
7/16/2016 3:24:31 PM	Gathering views
7/16/2016 3:24:32 PM	Gathering encrypted views
7/16/2016 3:24:32 PM	Gathering indexes
7/16/2016 3:24:32 PM	Gathering statistics
7/16/2016 3:24:32 PM	Gathering full-text index stoplists
7/16/2016 3:24:32 PM	Gathering search property lists
7/16/2016 3:24:32 PM	Gathering search properties
7/16/2016 3:24:32 PM	Gathering full-text indexes
7/16/2016 3:24:32 PM	Gathering column store indexes
7/16/2016 3:24:32 PM	Gathering spatial indexes
7/16/2016 3:24:32 PM	Gathering XML indexes
7/16/2016 3:24:32 PM	Gathering Selective XML indexes
7/16/2016 3:24:32 PM	Gathering encrypted triggers
7/16/2016 3:24:32 PM	Gathering triggers
7/16/2016 3:24:32 PM	Gathering encrypted and clr ddl triggers
7/16/2016 3:24:32 PM	Gathering ddl triggers
7/16/2016 3:24:32 PM	Gathering synonyms
7/16/2016 3:24:32 PM	Gathering defaults
7/16/2016 3:24:32 PM	Gathering data constraint uddt bindings
7/16/2016 3:24:32 PM	Gathering rules
7/16/2016 3:24:32 PM	Gathering data constraint uddt bindings
7/16/2016 3:24:32 PM	Gathering message types
7/16/2016 3:24:32 PM	Gathering queues
7/16/2016 3:24:32 PM	Gathering contracts
7/16/2016 3:24:32 PM	Gathering services
7/16/2016 3:24:32 PM	Gathering event notifications
7/16/2016 3:24:32 PM	Gathering remote service bindings
7/16/2016 3:24:32 PM	Gathering broker priorities
7/16/2016 3:24:32 PM	Gathering signatures
7/16/2016 3:24:32 PM	Gathering data compression options
7/16/2016 3:24:32 PM	Gathering sequence types
7/16/2016 3:24:32 PM	Gathering extended properties
7/16/2016 3:24:32 PM	Gathering credentials
7/16/2016 3:24:32 PM	Gathering logins
7/16/2016 3:24:32 PM	Gathering server audits
7/16/2016 3:24:32 PM	Scanning project for duplicate elements
7/16/2016 3:24:32 PM	Finished duplicate element processing
7/16/2016 3:24:33 PM	Finished importing database.
7/16/2016 3:24:33 PM	A summary of the import was saved to the following location: C:\Users\gt19813\Documents\Personal\BAPLN\Bapln\TS.BAPLN.UI\TS.BAPLN.DatabaseStructure\Import Schema Logs\TS.BAPLN.DatabaseStr_20160716092422.log
7/16/2016 3:24:33 PM	Click Finish to continue...
